
> new-backend@1.0.0 dev
> nodemon index.js

[33m[nodemon] 2.0.22[39m
[33m[nodemon] to restart at any time, enter `rs`[39m
[33m[nodemon] watching path(s): *.*[39m
[33m[nodemon] watching extensions: js,mjs,json[39m
[32m[nodemon] starting `node index.js`[39m
Example app listening at http://localhost:8000
[32m[nodemon] restarting due to changes...[39m
[32m[nodemon] starting `node index.js`[39m
Example app listening at http://localhost:8000
{ outputLocale: 'en-GB', diarization: 'channel', accuracy: 'standard' }
{ id: 'uiikzvfla9' }
{ id: 'k5s4cei0rz' }
[
  {
    job_id: 'k5s4cei0rz',
    file_name: '30 sec English speaking challenge(MP3_70K).mp3'
  },
  { job_id: 'uiikzvfla9', file_name: 'Holding.mp3' }
]
[32m[nodemon] restarting due to changes...[39m
[32m[nodemon] starting `node index.js`[39m
Example app listening at http://localhost:8000
[32m[nodemon] restarting due to changes...[39m
[32m[nodemon] starting `node index.js`[39m
Example app listening at http://localhost:8000
[32m[nodemon] restarting due to changes...[39m
[32m[nodemon] starting `node index.js`[39m
Example app listening at http://localhost:8000
[32m[nodemon] restarting due to changes...[39m
[32m[nodemon] starting `node index.js`[39m
Example app listening at http://localhost:8000
